<?xml version="1.0" encoding="UTF-8"?>
<testng-results ignored="0" total="2" passed="2" failed="0" skipped="0">
  <reporter-output>
  </reporter-output>
  <suite started-at="2025-10-13T03:08:48 GMT-07:00" name="Default suite" finished-at="2025-10-13T03:08:48 GMT-07:00" duration-ms="235">
    <groups>
    </groups>
    <test started-at="2025-10-13T03:08:48 GMT-07:00" name="Default test" finished-at="2025-10-13T03:08:48 GMT-07:00" duration-ms="235">
      <class name="day01_1009.AnnotationsDemo">
        <test-method is-config="true" signature="bsuite()[pri:0, instance:day01_1009.AnnotationsDemo@682b2fa]" started-at="2025-10-13T03:08:48 GMT-07:00" name="bsuite" finished-at="2025-10-13T03:08:48 GMT-07:00" duration-ms="59" status="PASS">
          <reporter-output>
          </reporter-output>
        </test-method> <!-- bsuite -->
        <test-method is-config="true" signature="btest()[pri:0, instance:day01_1009.AnnotationsDemo@682b2fa]" started-at="2025-10-13T03:08:48 GMT-07:00" name="btest" finished-at="2025-10-13T03:08:48 GMT-07:00" duration-ms="2" status="PASS">
          <reporter-output>
          </reporter-output>
        </test-method> <!-- btest -->
        <test-method is-config="true" signature="bclass()[pri:0, instance:day01_1009.AnnotationsDemo@682b2fa]" started-at="2025-10-13T03:08:48 GMT-07:00" name="bclass" finished-at="2025-10-13T03:08:48 GMT-07:00" duration-ms="1" status="PASS">
          <reporter-output>
          </reporter-output>
        </test-method> <!-- bclass -->
        <test-method is-config="true" signature="bmethod()[pri:0, instance:day01_1009.AnnotationsDemo@682b2fa]" started-at="2025-10-13T03:08:48 GMT-07:00" name="bmethod" finished-at="2025-10-13T03:08:48 GMT-07:00" duration-ms="1" status="PASS">
          <reporter-output>
          </reporter-output>
        </test-method> <!-- bmethod -->
        <test-method signature="T1()[pri:0, instance:day01_1009.AnnotationsDemo@682b2fa]" started-at="2025-10-13T03:08:48 GMT-07:00" name="T1" finished-at="2025-10-13T03:08:48 GMT-07:00" duration-ms="31" status="PASS">
          <reporter-output>
          </reporter-output>
        </test-method> <!-- T1 -->
        <test-method is-config="true" signature="amethod()[pri:0, instance:day01_1009.AnnotationsDemo@682b2fa]" started-at="2025-10-13T03:08:48 GMT-07:00" name="amethod" finished-at="2025-10-13T03:08:48 GMT-07:00" duration-ms="2" status="PASS">
          <reporter-output>
          </reporter-output>
        </test-method> <!-- amethod -->
        <test-method is-config="true" signature="bmethod()[pri:0, instance:day01_1009.AnnotationsDemo@682b2fa]" started-at="2025-10-13T03:08:48 GMT-07:00" name="bmethod" finished-at="2025-10-13T03:08:48 GMT-07:00" duration-ms="2" status="PASS">
          <reporter-output>
          </reporter-output>
        </test-method> <!-- bmethod -->
        <test-method signature="T2()[pri:0, instance:day01_1009.AnnotationsDemo@682b2fa]" started-at="2025-10-13T03:08:48 GMT-07:00" name="T2" finished-at="2025-10-13T03:08:48 GMT-07:00" duration-ms="5" status="PASS">
          <reporter-output>
          </reporter-output>
        </test-method> <!-- T2 -->
        <test-method is-config="true" signature="amethod()[pri:0, instance:day01_1009.AnnotationsDemo@682b2fa]" started-at="2025-10-13T03:08:48 GMT-07:00" name="amethod" finished-at="2025-10-13T03:08:48 GMT-07:00" duration-ms="2" status="PASS">
          <reporter-output>
          </reporter-output>
        </test-method> <!-- amethod -->
        <test-method is-config="true" signature="aclass()[pri:0, instance:day01_1009.AnnotationsDemo@682b2fa]" started-at="2025-10-13T03:08:48 GMT-07:00" name="aclass" finished-at="2025-10-13T03:08:48 GMT-07:00" duration-ms="2" status="PASS">
          <reporter-output>
          </reporter-output>
        </test-method> <!-- aclass -->
        <test-method is-config="true" signature="atest()[pri:0, instance:day01_1009.AnnotationsDemo@682b2fa]" started-at="2025-10-13T03:08:48 GMT-07:00" name="atest" finished-at="2025-10-13T03:08:48 GMT-07:00" duration-ms="3" status="PASS">
          <reporter-output>
          </reporter-output>
        </test-method> <!-- atest -->
        <test-method is-config="true" signature="asuite()[pri:0, instance:day01_1009.AnnotationsDemo@682b2fa]" started-at="2025-10-13T03:08:48 GMT-07:00" name="asuite" finished-at="2025-10-13T03:08:48 GMT-07:00" duration-ms="3" status="PASS">
          <reporter-output>
          </reporter-output>
        </test-method> <!-- asuite -->
      </class> <!-- day01_1009.AnnotationsDemo -->
    </test> <!-- Default test -->
  </suite> <!-- Default suite -->
</testng-results>
